<?xml version="1.0" encoding="UTF-8"?>
<coverage generated="1709710503004" clover="3.2.0">
  <project timestamp="1709710503004" name="All files">
    <metrics statements="22" coveredstatements="21" conditionals="8" coveredconditionals="5" methods="7" coveredmethods="6" elements="37" coveredelements="32" complexity="0" loc="22" ncloc="22" packages="2" files="3" classes="3"/>
    <package name="components">
      <metrics statements="21" coveredstatements="20" conditionals="8" coveredconditionals="5" methods="7" coveredmethods="6"/>
      <file name="Headet.js" path="C:\Users\shash\Documents\GitHub\Learn_REACT\src\components\Headet.js">
        <metrics statements="8" coveredstatements="8" conditionals="4" coveredconditionals="2" methods="3" coveredmethods="3"/>
        <line num="8" count="1" type="stmt"/>
        <line num="10" count="4" type="stmt"/>
        <line num="11" count="4" type="stmt"/>
        <line num="13" count="4" type="stmt"/>
        <line num="14" count="4" type="stmt"/>
        <line num="16" count="7" type="stmt"/>
        <line num="18" count="4" type="stmt"/>
        <line num="48" count="1" type="cond" truecount="1" falsecount="1"/>
      </file>
      <file name="RestaurantMenu.js" path="C:\Users\shash\Documents\GitHub\Learn_REACT\src\components\RestaurantMenu.js">
        <metrics statements="13" coveredstatements="12" conditionals="4" coveredconditionals="3" methods="4" coveredmethods="3"/>
        <line num="9" count="1" type="stmt"/>
        <line num="11" count="2" type="stmt"/>
        <line num="12" count="2" type="stmt"/>
        <line num="13" count="2" type="stmt"/>
        <line num="16" count="2" type="cond" truecount="2" falsecount="0"/>
        <line num="26" count="1" type="stmt"/>
        <line num="29" count="1" type="stmt"/>
        <line num="31" count="1" type="stmt"/>
        <line num="33" count="1" type="stmt"/>
        <line num="35" count="17" type="stmt"/>
        <line num="38" count="1" type="stmt"/>
        <line num="45" count="14" type="stmt"/>
        <line num="48" count="0" type="stmt"/>
      </file>
    </package>
    <package name="utils">
      <metrics statements="1" coveredstatements="1" conditionals="0" coveredconditionals="0" methods="0" coveredmethods="0"/>
      <file name="appStore.js" path="C:\Users\shash\Documents\GitHub\Learn_REACT\src\utils\appStore.js">
        <metrics statements="1" coveredstatements="1" conditionals="0" coveredconditionals="0" methods="0" coveredmethods="0"/>
        <line num="4" count="1" type="stmt"/>
      </file>
    </package>
  </project>
</coverage>
