{"C:\\Users\\shash\\Documents\\GitHub\\Learn_REACT\\src\\components\\Headet.js": {"path":"C:\\Users\\shash\\Documents\\GitHub\\Learn_REACT\\src\\components\\Headet.js","statementMap":{"0":{"start":{"line":8,"column":14},"end":{"line":59,"column":2}},"1":{"start":{"line":10,"column":33},"end":{"line":10,"column":50}},"2":{"start":{"line":11,"column":23},"end":{"line":11,"column":40}},"3":{"start":{"line":13,"column":25},"end":{"line":13,"column":48}},"4":{"start":{"line":14,"column":23},"end":{"line":14,"column":46}},"5":{"start":{"line":16,"column":21},"end":{"line":16,"column":59}},"6":{"start":{"line":16,"column":42},"end":{"line":16,"column":58}},"7":{"start":{"line":18,"column":0},"end":{"line":59,"column":1}},"8":{"start":{"line":48,"column":20},"end":{"line":50,"column":42}}},"fnMap":{"0":{"name":"(anonymous_0)","decl":{"start":{"line":8,"column":14},"end":{"line":8,"column":15}},"loc":{"start":{"line":8,"column":18},"end":{"line":59,"column":2}},"line":8},"1":{"name":"(anonymous_1)","decl":{"start":{"line":16,"column":33},"end":{"line":16,"column":34}},"loc":{"start":{"line":16,"column":42},"end":{"line":16,"column":58}},"line":16},"2":{"name":"(anonymous_2)","decl":{"start":{"line":47,"column":26},"end":{"line":47,"column":27}},"loc":{"start":{"line":47,"column":30},"end":{"line":51,"column":18}},"line":47}},"branchMap":{"0":{"loc":{"start":{"line":26,"column":35},"end":{"line":26,"column":59}},"type":"cond-expr","locations":[{"start":{"line":26,"column":50},"end":{"line":26,"column":53}},{"start":{"line":26,"column":56},"end":{"line":26,"column":59}}],"line":26},"1":{"loc":{"start":{"line":48,"column":20},"end":{"line":50,"column":41}},"type":"cond-expr","locations":[{"start":{"line":49,"column":21},"end":{"line":49,"column":42}},{"start":{"line":50,"column":21},"end":{"line":50,"column":41}}],"line":48}},"s":{"0":1,"1":4,"2":4,"3":4,"4":4,"5":4,"6":7,"7":4,"8":1},"f":{"0":4,"1":7,"2":1},"b":{"0":[4,0],"1":[1,0]},"_coverageSchema":"1a1c01bbd47fc00a2c39e90264f33305004495a9","hash":"28e319eec3dab4ff21c858db8b96affe6b46818e"}
,"C:\\Users\\shash\\Documents\\GitHub\\Learn_REACT\\src\\components\\RestaurantMenu.js": {"path":"C:\\Users\\shash\\Documents\\GitHub\\Learn_REACT\\src\\components\\RestaurantMenu.js","statementMap":{"0":{"start":{"line":9,"column":23},"end":{"line":53,"column":1}},"1":{"start":{"line":11,"column":20},"end":{"line":11,"column":31}},"2":{"start":{"line":12,"column":16},"end":{"line":12,"column":40}},"3":{"start":{"line":13,"column":33},"end":{"line":13,"column":47}},"4":{"start":{"line":16,"column":2},"end":{"line":16,"column":43}},"5":{"start":{"line":16,"column":24},"end":{"line":16,"column":43}},"6":{"start":{"line":26,"column":6},"end":{"line":26,"column":41}},"7":{"start":{"line":29,"column":4},"end":{"line":29,"column":79}},"8":{"start":{"line":31,"column":2},"end":{"line":31,"column":25}},"9":{"start":{"line":33,"column":19},"end":{"line":36,"column":3}},"10":{"start":{"line":35,"column":4},"end":{"line":35,"column":92}},"11":{"start":{"line":38,"column":2},"end":{"line":52,"column":4}},"12":{"start":{"line":45,"column":9},"end":{"line":49,"column":11}},"13":{"start":{"line":48,"column":27},"end":{"line":48,"column":46}}},"fnMap":{"0":{"name":"(anonymous_0)","decl":{"start":{"line":9,"column":23},"end":{"line":9,"column":24}},"loc":{"start":{"line":9,"column":29},"end":{"line":53,"column":1}},"line":9},"1":{"name":"(anonymous_1)","decl":{"start":{"line":34,"column":4},"end":{"line":34,"column":5}},"loc":{"start":{"line":35,"column":4},"end":{"line":35,"column":92}},"line":35},"2":{"name":"(anonymous_2)","decl":{"start":{"line":44,"column":22},"end":{"line":44,"column":23}},"loc":{"start":{"line":45,"column":9},"end":{"line":49,"column":11}},"line":45},"3":{"name":"(anonymous_3)","decl":{"start":{"line":48,"column":23},"end":{"line":48,"column":24}},"loc":{"start":{"line":48,"column":27},"end":{"line":48,"column":46}},"line":48}},"branchMap":{"0":{"loc":{"start":{"line":16,"column":2},"end":{"line":16,"column":43}},"type":"if","locations":[{"start":{"line":16,"column":2},"end":{"line":16,"column":43}},{"start":{},"end":{}}],"line":16},"1":{"loc":{"start":{"line":47,"column":20},"end":{"line":47,"column":53}},"type":"cond-expr","locations":[{"start":{"line":47,"column":42},"end":{"line":47,"column":46}},{"start":{"line":47,"column":48},"end":{"line":47,"column":53}}],"line":47}},"s":{"0":1,"1":2,"2":2,"3":2,"4":2,"5":1,"6":1,"7":1,"8":1,"9":1,"10":17,"11":1,"12":14,"13":0},"f":{"0":2,"1":17,"2":14,"3":0},"b":{"0":[1,1],"1":[0,14]},"_coverageSchema":"1a1c01bbd47fc00a2c39e90264f33305004495a9","hash":"a59f94e0803f2f4af3a288771a81696a599fc680"}
,"C:\\Users\\shash\\Documents\\GitHub\\Learn_REACT\\src\\utils\\appStore.js": {"path":"C:\\Users\\shash\\Documents\\GitHub\\Learn_REACT\\src\\utils\\appStore.js","statementMap":{"0":{"start":{"line":4,"column":17},"end":{"line":8,"column":2}}},"fnMap":{},"branchMap":{},"s":{"0":1},"f":{},"b":{},"_coverageSchema":"1a1c01bbd47fc00a2c39e90264f33305004495a9","hash":"1805e4d1481d7fb35c56228d25c1173805d5a671"}
}
