TN:
SF:src\components\Headet.js
FN:8,(anonymous_0)
FN:16,(anonymous_1)
FN:47,(anonymous_2)
FNF:3
FNH:3
FNDA:4,(anonymous_0)
FNDA:7,(anonymous_1)
FNDA:1,(anonymous_2)
DA:8,1
DA:10,4
DA:11,4
DA:13,4
DA:14,4
DA:16,7
DA:18,4
DA:48,1
LF:8
LH:8
BRDA:26,0,0,4
BRDA:26,0,1,0
BRDA:48,1,0,1
BRDA:48,1,1,0
BRF:4
BRH:2
end_of_record
TN:
SF:src\components\RestaurantMenu.js
FN:9,(anonymous_0)
FN:34,(anonymous_1)
FN:44,(anonymous_2)
FN:48,(anonymous_3)
FNF:4
FNH:3
FNDA:2,(anonymous_0)
FNDA:17,(anonymous_1)
FNDA:14,(anonymous_2)
FNDA:0,(anonymous_3)
DA:9,1
DA:11,2
DA:12,2
DA:13,2
DA:16,2
DA:26,1
DA:29,1
DA:31,1
DA:33,1
DA:35,17
DA:38,1
DA:45,14
DA:48,0
LF:13
LH:12
BRDA:16,0,0,1
BRDA:16,0,1,1
BRDA:47,1,0,0
BRDA:47,1,1,14
BRF:4
BRH:3
end_of_record
TN:
SF:src\utils\appStore.js
FNF:0
FNH:0
DA:4,1
LF:1
LH:1
BRF:0
BRH:0
end_of_record
